app/build/intermediates/manifest_merge_blame_file/debug/manifest-merger-blame-debug-report.txt
1<?xml version="1.0" encoding="utf-8"?>
2<manifest xmlns:android="http://schemas.android.com/apk/res/android"
3    package="com.dabinsystems.pact_app"
4    android:versionCode="1"
5    android:versionName="4.8.0.024.NPP" >
6
7    <uses-sdk
8        android:minSdkVersion="24"
8-->src\main\AndroidManifest.xml
9        android:targetSdkVersion="30" />
9-->src\main\AndroidManifest.xml
10
11    <!-- 와이파이 스캔 결과 띄워주기 위한 권한 -->
12    <uses-permission android:name="android.permission.ACCESS_WIFI_STATE" /> <!-- 와이파이 연결 변경을 위한 권한 -->
12-->src\main\AndroidManifest.xml:7:5-76
12-->src\main\AndroidManifest.xml:7:22-73
13    <uses-permission android:name="android.permission.CHANGE_WIFI_STATE" />
13-->src\main\AndroidManifest.xml:8:5-76
13-->src\main\AndroidManifest.xml:8:22-73
14    <uses-permission android:name="android.permission.CHANGE_WIFI_MULTICAST_STATE" />
14-->src\main\AndroidManifest.xml:9:5-86
14-->src\main\AndroidManifest.xml:9:22-83
15    <uses-permission android:name="android.permission.ACCESS_FINE_LOCATION" />
15-->src\main\AndroidManifest.xml:10:5-79
15-->src\main\AndroidManifest.xml:10:22-76
16    <uses-permission android:name="android.permission.ACCESS_COARSE_LOCATION" />
16-->src\main\AndroidManifest.xml:11:5-81
16-->src\main\AndroidManifest.xml:11:22-78
17    <uses-permission android:name="android.permission.ACCESS_NETWORK_STATE" /> <!-- 파일 READ AND WRITE -->
17-->src\main\AndroidManifest.xml:12:5-79
17-->src\main\AndroidManifest.xml:12:22-76
18    <uses-permission android:name="android.permission.WRITE_SECURE_SETTINGS" />
18-->src\main\AndroidManifest.xml:13:5-15:47
18-->src\main\AndroidManifest.xml:14:9-64
19    <uses-permission android:name="android.permission.WRITE_SETTINGS" />
19-->src\main\AndroidManifest.xml:16:5-18:47
19-->src\main\AndroidManifest.xml:17:9-57
20    <uses-permission android:name="android.permission.WRITE_EXTERNAL_STORAGE" />
20-->src\main\AndroidManifest.xml:19:5-81
20-->src\main\AndroidManifest.xml:19:22-78
21    <uses-permission android:name="android.permission.READ_EXTERNAL_STORAGE" />
21-->src\main\AndroidManifest.xml:20:5-80
21-->src\main\AndroidManifest.xml:20:22-77
22    <uses-permission android:name="android.permission.WRITE_INTERNAL_STORAGE" /> <!-- AUDIO -->
22-->src\main\AndroidManifest.xml:21:5-81
22-->src\main\AndroidManifest.xml:21:22-78
23    <uses-permission android:name="android.permission.RECORD_AUDIO" />
23-->src\main\AndroidManifest.xml:22:5-71
23-->src\main\AndroidManifest.xml:22:22-68
24    <uses-permission android:name="android.permission.INTERNET" />
24-->src\main\AndroidManifest.xml:23:5-67
24-->src\main\AndroidManifest.xml:23:22-64
25    <uses-permission android:name="android.permission.WAKE_LOCK" />
25-->src\main\AndroidManifest.xml:24:5-68
25-->src\main\AndroidManifest.xml:24:22-65
26    <uses-permission android:name="android.permission.READ_PHONE_STATE" />
26-->src\main\AndroidManifest.xml:25:5-75
26-->src\main\AndroidManifest.xml:25:22-72
27    <uses-permission android:name="android.permission.CHANGE_NETWORK_STATE" />
27-->src\main\AndroidManifest.xml:26:5-79
27-->src\main\AndroidManifest.xml:26:22-76
28    <uses-permission android:name="android.permission.WRITESETTINGS" />
28-->src\main\AndroidManifest.xml:27:5-72
28-->src\main\AndroidManifest.xml:27:22-69
29    <uses-permission android:name="android.permission.MANAGE_EXTERNAL_STORAGE" />
29-->src\main\AndroidManifest.xml:28:5-30:40
29-->src\main\AndroidManifest.xml:29:9-66
30    <uses-permission android:name="android.permission.FOREGROUND_SERVICE" />
30-->src\main\AndroidManifest.xml:31:5-77
30-->src\main\AndroidManifest.xml:31:22-74
31
32    <application
32-->src\main\AndroidManifest.xml:33:5-67:19
33        android:allowBackup="true"
33-->src\main\AndroidManifest.xml:34:9-35
34        android:appComponentFactory="androidx.core.app.CoreComponentFactory"
34-->[androidx.core:core:1.5.0] AndroidManifest.xml:24:18-86
35        android:debuggable="true"
36        android:extractNativeLibs="false"
37        android:hardwareAccelerated="true"
37-->src\main\AndroidManifest.xml:35:9-43
38        android:icon="@mipmap/ic_launcher"
38-->src\main\AndroidManifest.xml:36:9-43
39        android:label="@string/app_name"
39-->src\main\AndroidManifest.xml:37:9-41
40        android:largeHeap="true"
40-->src\main\AndroidManifest.xml:38:9-33
41        android:requestLegacyExternalStorage="true"
41-->src\main\AndroidManifest.xml:39:9-52
42        android:roundIcon="@mipmap/ic_launcher_round"
42-->src\main\AndroidManifest.xml:40:9-54
43        android:supportsRtl="true"
43-->src\main\AndroidManifest.xml:41:9-35
44        android:testOnly="true"
45        android:theme="@style/DabinTheme" >
45-->src\main\AndroidManifest.xml:42:9-42
46        <service
46-->src\main\AndroidManifest.xml:45:9-47:63
47            android:name="com.dabinsystems.pact_app.Recorder.VideoRecService"
47-->src\main\AndroidManifest.xml:46:13-53
48            android:foregroundServiceType="mediaProjection" />
48-->src\main\AndroidManifest.xml:47:13-60
49
50        <activity
50-->src\main\AndroidManifest.xml:49:9-56:20
51            android:name="com.dabinsystems.pact_app.Activity.MainActivity"
51-->src\main\AndroidManifest.xml:50:13-50
52            android:screenOrientation="landscape" >
52-->src\main\AndroidManifest.xml:51:13-50
53
54            <!-- <intent-filter> -->
55            <!-- <action android:name="android.intent.action.MAIN" /> -->
56            <!-- <category android:name="android.intent.category.LAUNCHER" /> -->
57            <!-- </intent-filter> -->
58        </activity>
59        <activity
59-->src\main\AndroidManifest.xml:58:9-65:20
60            android:name="com.dabinsystems.pact_app.Activity.SplashActivity"
60-->src\main\AndroidManifest.xml:59:13-52
61            android:screenOrientation="landscape" >
61-->src\main\AndroidManifest.xml:60:13-50
62            <intent-filter>
62-->src\main\AndroidManifest.xml:61:13-64:29
63                <action android:name="android.intent.action.MAIN" />
63-->src\main\AndroidManifest.xml:62:17-69
63-->src\main\AndroidManifest.xml:62:25-66
64
65                <category android:name="android.intent.category.LAUNCHER" />
65-->src\main\AndroidManifest.xml:63:17-77
65-->src\main\AndroidManifest.xml:63:27-74
66            </intent-filter>
67        </activity>
68
69        <meta-data
69-->[com.firebaseui:firebase-ui-auth:6.1.0] AndroidManifest.xml:16:9-18:69
70            android:name="com.google.android.gms.version"
70-->[com.firebaseui:firebase-ui-auth:6.1.0] AndroidManifest.xml:17:13-58
71            android:value="@integer/google_play_services_version" />
71-->[com.firebaseui:firebase-ui-auth:6.1.0] AndroidManifest.xml:18:13-66
72        <meta-data
72-->[com.firebaseui:firebase-ui-auth:6.1.0] AndroidManifest.xml:19:9-21:63
73            android:name="com.facebook.sdk.ApplicationId"
73-->[com.firebaseui:firebase-ui-auth:6.1.0] AndroidManifest.xml:20:13-58
74            android:value="@string/facebook_application_id" />
74-->[com.firebaseui:firebase-ui-auth:6.1.0] AndroidManifest.xml:21:13-60
75
76        <activity
76-->[com.firebaseui:firebase-ui-auth:6.1.0] AndroidManifest.xml:23:9-27:61
77            android:name="com.firebase.ui.auth.KickoffActivity"
77-->[com.firebaseui:firebase-ui-auth:6.1.0] AndroidManifest.xml:24:13-64
78            android:exported="false"
78-->[com.firebaseui:firebase-ui-auth:6.1.0] AndroidManifest.xml:25:13-37
79            android:label=""
79-->[com.firebaseui:firebase-ui-auth:6.1.0] AndroidManifest.xml:26:13-29
80            android:theme="@style/FirebaseUI.Transparent" />
80-->[com.firebaseui:firebase-ui-auth:6.1.0] AndroidManifest.xml:27:13-58
81        <activity
81-->[com.firebaseui:firebase-ui-auth:6.1.0] AndroidManifest.xml:28:9-32:61
82            android:name="com.firebase.ui.auth.ui.idp.SingleSignInActivity"
82-->[com.firebaseui:firebase-ui-auth:6.1.0] AndroidManifest.xml:29:13-76
83            android:exported="false"
83-->[com.firebaseui:firebase-ui-auth:6.1.0] AndroidManifest.xml:30:13-37
84            android:label=""
84-->[com.firebaseui:firebase-ui-auth:6.1.0] AndroidManifest.xml:31:13-29
85            android:theme="@style/FirebaseUI.Transparent" />
85-->[com.firebaseui:firebase-ui-auth:6.1.0] AndroidManifest.xml:32:13-58
86        <activity
86-->[com.firebaseui:firebase-ui-auth:6.1.0] AndroidManifest.xml:33:9-37:61
87            android:name="com.firebase.ui.auth.ui.credentials.CredentialSaveActivity"
87-->[com.firebaseui:firebase-ui-auth:6.1.0] AndroidManifest.xml:34:13-86
88            android:exported="false"
88-->[com.firebaseui:firebase-ui-auth:6.1.0] AndroidManifest.xml:35:13-37
89            android:label=""
89-->[com.firebaseui:firebase-ui-auth:6.1.0] AndroidManifest.xml:36:13-29
90            android:theme="@style/FirebaseUI.Transparent" />
90-->[com.firebaseui:firebase-ui-auth:6.1.0] AndroidManifest.xml:37:13-58
91        <activity
91-->[com.firebaseui:firebase-ui-auth:6.1.0] AndroidManifest.xml:38:9-42:58
92            android:name="com.firebase.ui.auth.ui.email.RecoverPasswordActivity"
92-->[com.firebaseui:firebase-ui-auth:6.1.0] AndroidManifest.xml:39:13-81
93            android:exported="false"
93-->[com.firebaseui:firebase-ui-auth:6.1.0] AndroidManifest.xml:40:13-37
94            android:label="@string/fui_title_recover_password_activity"
94-->[com.firebaseui:firebase-ui-auth:6.1.0] AndroidManifest.xml:41:13-72
95            android:windowSoftInputMode="adjustResize" />
95-->[com.firebaseui:firebase-ui-auth:6.1.0] AndroidManifest.xml:42:13-55
96        <activity
96-->[com.firebaseui:firebase-ui-auth:6.1.0] AndroidManifest.xml:43:9-47:58
97            android:name="com.firebase.ui.auth.ui.email.EmailActivity"
97-->[com.firebaseui:firebase-ui-auth:6.1.0] AndroidManifest.xml:44:13-71
98            android:exported="false"
98-->[com.firebaseui:firebase-ui-auth:6.1.0] AndroidManifest.xml:45:13-37
99            android:label="@string/fui_sign_in_default"
99-->[com.firebaseui:firebase-ui-auth:6.1.0] AndroidManifest.xml:46:13-56
100            android:windowSoftInputMode="adjustResize" />
100-->[com.firebaseui:firebase-ui-auth:6.1.0] AndroidManifest.xml:47:13-55
101        <activity
101-->[com.firebaseui:firebase-ui-auth:6.1.0] AndroidManifest.xml:48:9-52:77
102            android:name="com.firebase.ui.auth.ui.phone.PhoneActivity"
102-->[com.firebaseui:firebase-ui-auth:6.1.0] AndroidManifest.xml:49:13-71
103            android:exported="false"
103-->[com.firebaseui:firebase-ui-auth:6.1.0] AndroidManifest.xml:50:13-37
104            android:label="@string/fui_sign_in_with_phone_number"
104-->[com.firebaseui:firebase-ui-auth:6.1.0] AndroidManifest.xml:51:13-66
105            android:windowSoftInputMode="adjustResize|stateAlwaysVisible" />
105-->[com.firebaseui:firebase-ui-auth:6.1.0] AndroidManifest.xml:52:13-74
106        <activity
106-->[com.firebaseui:firebase-ui-auth:6.1.0] AndroidManifest.xml:53:9-57:58
107            android:name="com.firebase.ui.auth.ui.idp.WelcomeBackIdpPrompt"
107-->[com.firebaseui:firebase-ui-auth:6.1.0] AndroidManifest.xml:54:13-76
108            android:exported="false"
108-->[com.firebaseui:firebase-ui-auth:6.1.0] AndroidManifest.xml:55:13-37
109            android:label="@string/fui_title_welcome_back_idp_prompt"
109-->[com.firebaseui:firebase-ui-auth:6.1.0] AndroidManifest.xml:56:13-70
110            android:windowSoftInputMode="adjustResize" />
110-->[com.firebaseui:firebase-ui-auth:6.1.0] AndroidManifest.xml:57:13-55
111        <activity
111-->[com.firebaseui:firebase-ui-auth:6.1.0] AndroidManifest.xml:58:9-62:58
112            android:name="com.firebase.ui.auth.ui.email.WelcomeBackPasswordPrompt"
112-->[com.firebaseui:firebase-ui-auth:6.1.0] AndroidManifest.xml:59:13-83
113            android:exported="false"
113-->[com.firebaseui:firebase-ui-auth:6.1.0] AndroidManifest.xml:60:13-37
114            android:label="@string/fui_title_welcome_back_password_prompt"
114-->[com.firebaseui:firebase-ui-auth:6.1.0] AndroidManifest.xml:61:13-75
115            android:windowSoftInputMode="adjustResize" />
115-->[com.firebaseui:firebase-ui-auth:6.1.0] AndroidManifest.xml:62:13-55
116        <activity
116-->[com.firebaseui:firebase-ui-auth:6.1.0] AndroidManifest.xml:63:9-67:58
117            android:name="com.firebase.ui.auth.ui.email.WelcomeBackEmailLinkPrompt"
117-->[com.firebaseui:firebase-ui-auth:6.1.0] AndroidManifest.xml:64:13-84
118            android:exported="false"
118-->[com.firebaseui:firebase-ui-auth:6.1.0] AndroidManifest.xml:65:13-37
119            android:label="@string/fui_title_welcome_back_password_prompt"
119-->[com.firebaseui:firebase-ui-auth:6.1.0] AndroidManifest.xml:66:13-75
120            android:windowSoftInputMode="adjustResize" />
120-->[com.firebaseui:firebase-ui-auth:6.1.0] AndroidManifest.xml:67:13-55
121        <activity
121-->[com.firebaseui:firebase-ui-auth:6.1.0] AndroidManifest.xml:68:9-73:58
122            android:name="com.firebase.ui.auth.ui.email.EmailLinkCatcherActivity"
122-->[com.firebaseui:firebase-ui-auth:6.1.0] AndroidManifest.xml:69:13-82
123            android:exported="false"
123-->[com.firebaseui:firebase-ui-auth:6.1.0] AndroidManifest.xml:70:13-37
124            android:label=""
124-->[com.firebaseui:firebase-ui-auth:6.1.0] AndroidManifest.xml:71:13-29
125            android:theme="@style/FirebaseUI.Transparent"
125-->[com.firebaseui:firebase-ui-auth:6.1.0] AndroidManifest.xml:72:13-58
126            android:windowSoftInputMode="adjustResize" />
126-->[com.firebaseui:firebase-ui-auth:6.1.0] AndroidManifest.xml:73:13-55
127        <activity
127-->[com.firebaseui:firebase-ui-auth:6.1.0] AndroidManifest.xml:74:9-78:58
128            android:name="com.firebase.ui.auth.ui.email.EmailLinkErrorRecoveryActivity"
128-->[com.firebaseui:firebase-ui-auth:6.1.0] AndroidManifest.xml:75:13-88
129            android:exported="false"
129-->[com.firebaseui:firebase-ui-auth:6.1.0] AndroidManifest.xml:76:13-37
130            android:label="@string/fui_sign_in_default"
130-->[com.firebaseui:firebase-ui-auth:6.1.0] AndroidManifest.xml:77:13-56
131            android:windowSoftInputMode="adjustResize" />
131-->[com.firebaseui:firebase-ui-auth:6.1.0] AndroidManifest.xml:78:13-55
132        <activity
132-->[com.firebaseui:firebase-ui-auth:6.1.0] AndroidManifest.xml:79:9-82:65
133            android:name="com.firebase.ui.auth.ui.idp.AuthMethodPickerActivity"
133-->[com.firebaseui:firebase-ui-auth:6.1.0] AndroidManifest.xml:80:13-80
134            android:exported="false"
134-->[com.firebaseui:firebase-ui-auth:6.1.0] AndroidManifest.xml:81:13-37
135            android:label="@string/fui_default_toolbar_title" />
135-->[com.firebaseui:firebase-ui-auth:6.1.0] AndroidManifest.xml:82:13-62
136        <activity
136-->[com.firebaseui:firebase-ui-auth:6.1.0] AndroidManifest.xml:83:9-87:48
137            android:name="com.facebook.FacebookActivity"
137-->[com.firebaseui:firebase-ui-auth:6.1.0] AndroidManifest.xml:84:13-57
138            android:configChanges="keyboard|keyboardHidden|screenLayout|screenSize|orientation"
138-->[com.firebaseui:firebase-ui-auth:6.1.0] AndroidManifest.xml:85:13-96
139            android:label="@string/app_name" />
139-->[com.firebaseui:firebase-ui-auth:6.1.0] AndroidManifest.xml:86:13-45
140        <activity
140-->[com.firebaseui:firebase-ui-auth:6.1.0] AndroidManifest.xml:88:9-100:20
141            android:name="com.facebook.CustomTabActivity"
141-->[com.firebaseui:firebase-ui-auth:6.1.0] AndroidManifest.xml:89:13-58
142            android:exported="true" >
142-->[com.firebaseui:firebase-ui-auth:6.1.0] AndroidManifest.xml:90:13-36
143            <intent-filter>
143-->[com.firebaseui:firebase-ui-auth:6.1.0] AndroidManifest.xml:92:13-99:29
144                <action android:name="android.intent.action.VIEW" />
144-->[com.firebaseui:firebase-ui-auth:6.1.0] AndroidManifest.xml:93:17-69
144-->[com.firebaseui:firebase-ui-auth:6.1.0] AndroidManifest.xml:93:25-66
145
146                <category android:name="android.intent.category.DEFAULT" />
146-->[com.firebaseui:firebase-ui-auth:6.1.0] AndroidManifest.xml:95:17-76
146-->[com.firebaseui:firebase-ui-auth:6.1.0] AndroidManifest.xml:95:27-73
147                <category android:name="android.intent.category.BROWSABLE" />
147-->[com.firebaseui:firebase-ui-auth:6.1.0] AndroidManifest.xml:96:17-78
147-->[com.firebaseui:firebase-ui-auth:6.1.0] AndroidManifest.xml:96:27-75
148
149                <data android:scheme="@string/facebook_login_protocol_scheme" />
149-->[com.firebaseui:firebase-ui-auth:6.1.0] AndroidManifest.xml:98:17-81
149-->[com.firebaseui:firebase-ui-auth:6.1.0] AndroidManifest.xml:98:23-78
150            </intent-filter>
151        </activity>
152
153        <provider
153-->[com.firebaseui:firebase-ui-auth:6.1.0] AndroidManifest.xml:102:9-106:38
154            android:name="com.firebase.ui.auth.data.client.AuthUiInitProvider"
154-->[com.firebaseui:firebase-ui-auth:6.1.0] AndroidManifest.xml:103:13-79
155            android:authorities="com.dabinsystems.pact_app.authuiinitprovider"
155-->[com.firebaseui:firebase-ui-auth:6.1.0] AndroidManifest.xml:104:13-70
156            android:exported="false"
156-->[com.firebaseui:firebase-ui-auth:6.1.0] AndroidManifest.xml:105:13-37
157            android:initOrder="90" />
157-->[com.firebaseui:firebase-ui-auth:6.1.0] AndroidManifest.xml:106:13-35
158
159        <activity
159-->[com.google.firebase:firebase-auth:19.1.0] AndroidManifest.xml:24:9-31:50
160            android:name="com.google.firebase.auth.internal.FederatedSignInActivity"
160-->[com.google.firebase:firebase-auth:19.1.0] AndroidManifest.xml:25:13-85
161            android:excludeFromRecents="true"
161-->[com.google.firebase:firebase-auth:19.1.0] AndroidManifest.xml:26:13-46
162            android:exported="true"
162-->[com.google.firebase:firebase-auth:19.1.0] AndroidManifest.xml:27:13-36
163            android:launchMode="singleTask"
163-->[com.google.firebase:firebase-auth:19.1.0] AndroidManifest.xml:28:13-44
164            android:permission="com.google.firebase.auth.api.gms.permission.LAUNCH_FEDERATED_SIGN_IN"
164-->[com.google.firebase:firebase-auth:19.1.0] AndroidManifest.xml:29:13-102
165            android:theme="@android:style/Theme.Translucent.NoTitleBar" />
165-->[com.google.firebase:firebase-auth:19.1.0] AndroidManifest.xml:30:13-72
166
167        <service
167-->[com.google.firebase:firebase-auth:19.1.0] AndroidManifest.xml:33:9-39:19
168            android:name="com.google.firebase.components.ComponentDiscoveryService"
168-->[com.google.firebase:firebase-auth:19.1.0] AndroidManifest.xml:34:13-84
169            android:exported="false" >
169-->[com.google.firebase:firebase-auth:19.1.0] AndroidManifest.xml:35:13-37
170            <meta-data
170-->[com.google.firebase:firebase-auth:19.1.0] AndroidManifest.xml:36:13-38:85
171                android:name="com.google.firebase.components:com.google.firebase.auth.FirebaseAuthRegistrar"
171-->[com.google.firebase:firebase-auth:19.1.0] AndroidManifest.xml:37:17-109
172                android:value="com.google.firebase.components.ComponentRegistrar" />
172-->[com.google.firebase:firebase-auth:19.1.0] AndroidManifest.xml:38:17-82
173        </service>
174
175        <activity
175-->[com.google.android.gms:play-services-auth:17.0.0] AndroidManifest.xml:23:9-27:75
176            android:name="com.google.android.gms.auth.api.signin.internal.SignInHubActivity"
176-->[com.google.android.gms:play-services-auth:17.0.0] AndroidManifest.xml:24:13-93
177            android:excludeFromRecents="true"
177-->[com.google.android.gms:play-services-auth:17.0.0] AndroidManifest.xml:25:13-46
178            android:exported="false"
178-->[com.google.android.gms:play-services-auth:17.0.0] AndroidManifest.xml:26:13-37
179            android:theme="@android:style/Theme.Translucent.NoTitleBar" />
179-->[com.google.android.gms:play-services-auth:17.0.0] AndroidManifest.xml:27:13-72
180        <!--
181            Service handling Google Sign-In user revocation. For apps that do not integrate with
182            Google Sign-In, this service will never be started.
183        -->
184        <service
184-->[com.google.android.gms:play-services-auth:17.0.0] AndroidManifest.xml:33:9-36:110
185            android:name="com.google.android.gms.auth.api.signin.RevocationBoundService"
185-->[com.google.android.gms:play-services-auth:17.0.0] AndroidManifest.xml:34:13-89
186            android:exported="true"
186-->[com.google.android.gms:play-services-auth:17.0.0] AndroidManifest.xml:35:13-36
187            android:permission="com.google.android.gms.auth.api.signin.permission.REVOCATION_NOTIFICATION" />
187-->[com.google.android.gms:play-services-auth:17.0.0] AndroidManifest.xml:36:13-107
188
189        <activity
189-->[com.google.android.gms:play-services-base:17.1.0] AndroidManifest.xml:23:9-26:75
190            android:name="com.google.android.gms.common.api.GoogleApiActivity"
190-->[com.google.android.gms:play-services-base:17.1.0] AndroidManifest.xml:24:13-79
191            android:exported="false"
191-->[com.google.android.gms:play-services-base:17.1.0] AndroidManifest.xml:25:13-37
192            android:theme="@android:style/Theme.Translucent.NoTitleBar" />
192-->[com.google.android.gms:play-services-base:17.1.0] AndroidManifest.xml:26:13-72
193
194        <provider
194-->[com.google.firebase:firebase-common:19.0.0] AndroidManifest.xml:12:9-16:39
195            android:name="com.google.firebase.provider.FirebaseInitProvider"
195-->[com.google.firebase:firebase-common:19.0.0] AndroidManifest.xml:13:13-77
196            android:authorities="com.dabinsystems.pact_app.firebaseinitprovider"
196-->[com.google.firebase:firebase-common:19.0.0] AndroidManifest.xml:14:13-72
197            android:exported="false"
197-->[com.google.firebase:firebase-common:19.0.0] AndroidManifest.xml:15:13-37
198            android:initOrder="100" />
198-->[com.google.firebase:firebase-common:19.0.0] AndroidManifest.xml:16:13-36
199        <provider
199-->[androidx.lifecycle:lifecycle-process:2.1.0] AndroidManifest.xml:23:9-27:43
200            android:name="androidx.lifecycle.ProcessLifecycleOwnerInitializer"
200-->[androidx.lifecycle:lifecycle-process:2.1.0] AndroidManifest.xml:24:13-79
201            android:authorities="com.dabinsystems.pact_app.lifecycle-process"
201-->[androidx.lifecycle:lifecycle-process:2.1.0] AndroidManifest.xml:25:13-69
202            android:exported="false"
202-->[androidx.lifecycle:lifecycle-process:2.1.0] AndroidManifest.xml:26:13-37
203            android:multiprocess="true" />
203-->[androidx.lifecycle:lifecycle-process:2.1.0] AndroidManifest.xml:27:13-40
204    </application>
205
206</manifest>